Traceback (most recent call last):
  File "/Users/mashi/Dropbox/00_works/git/mokumoku-kai/backtest/samples/20231006_awesome_graaph_class/data/finance/av_new.py", line 61, in <module>
    df_av = fetch_from_av(ts, '1min')
            ^^^^^^^^^^^^^^^^^^^^^^^^^
  File "/Users/mashi/Dropbox/00_works/git/mokumoku-kai/backtest/samples/20231006_awesome_graaph_class/data/finance/av_new.py", line 42, in fetch_from_av
    data, meta_data = ts.get_intraday(symbol=ticker_symbol,interval=span, outputsize='full')
                      ^^^^^^^^^^^^^^^^^^^^^^^^^^^^^^^^^^^^^^^^^^^^^^^^^^^^^^^^^^^^^^^^^^^^^^
  File "/Users/mashi/.venv/lib/python3.11/site-packages/alpha_vantage/alphavantage.py", line 218, in _format_wrapper
    call_response, data_key, meta_data_key = func(
                                             ^^^^^
  File "/Users/mashi/.venv/lib/python3.11/site-packages/alpha_vantage/alphavantage.py", line 160, in _call_wrapper
    return self._handle_api_call(url), data_key, meta_data_key
           ^^^^^^^^^^^^^^^^^^^^^^^^^^
  File "/Users/mashi/.venv/lib/python3.11/site-packages/alpha_vantage/alphavantage.py", line 361, in _handle_api_call
    raise ValueError(json_response["Information"])
ValueError: Thank you for using Alpha Vantage! Our standard API rate limit is 25 requests per day. Please subscribe to any of the premium plans at https://www.alphavantage.co/premium/ to instantly remove all daily rate limits.
Traceback (most recent call last):
  File "/Users/mashi/Dropbox/00_works/git/mokumoku-kai/backtest/samples/20231006_awesome_graaph_class/data/finance/av_new.py", line 61, in <module>
    df_av = fetch_from_av(ts, '1min')
            ^^^^^^^^^^^^^^^^^^^^^^^^^
  File "/Users/mashi/Dropbox/00_works/git/mokumoku-kai/backtest/samples/20231006_awesome_graaph_class/data/finance/av_new.py", line 42, in fetch_from_av
    data, meta_data = ts.get_intraday(symbol=ticker_symbol,interval=span, outputsize='full')
                      ^^^^^^^^^^^^^^^^^^^^^^^^^^^^^^^^^^^^^^^^^^^^^^^^^^^^^^^^^^^^^^^^^^^^^^
  File "/Users/mashi/.venv/lib/python3.11/site-packages/alpha_vantage/alphavantage.py", line 218, in _format_wrapper
    call_response, data_key, meta_data_key = func(
                                             ^^^^^
  File "/Users/mashi/.venv/lib/python3.11/site-packages/alpha_vantage/alphavantage.py", line 160, in _call_wrapper
    return self._handle_api_call(url), data_key, meta_data_key
           ^^^^^^^^^^^^^^^^^^^^^^^^^^
  File "/Users/mashi/.venv/lib/python3.11/site-packages/alpha_vantage/alphavantage.py", line 361, in _handle_api_call
    raise ValueError(json_response["Information"])
ValueError: Thank you for using Alpha Vantage! Our standard API rate limit is 25 requests per day. Please subscribe to any of the premium plans at https://www.alphavantage.co/premium/ to instantly remove all daily rate limits.
Traceback (most recent call last):
  File "/Users/mashi/Dropbox/00_works/git/mokumoku-kai/backtest/samples/20231006_awesome_graaph_class/data/finance/av_new.py", line 61, in <module>
    df_av = fetch_from_av(ts, '1min')
            ^^^^^^^^^^^^^^^^^^^^^^^^^
  File "/Users/mashi/Dropbox/00_works/git/mokumoku-kai/backtest/samples/20231006_awesome_graaph_class/data/finance/av_new.py", line 42, in fetch_from_av
    data, meta_data = ts.get_intraday(symbol=ticker_symbol,interval=span, outputsize='full')
                      ^^^^^^^^^^^^^^^^^^^^^^^^^^^^^^^^^^^^^^^^^^^^^^^^^^^^^^^^^^^^^^^^^^^^^^
  File "/Users/mashi/.venv/lib/python3.11/site-packages/alpha_vantage/alphavantage.py", line 218, in _format_wrapper
    call_response, data_key, meta_data_key = func(
                                             ^^^^^
  File "/Users/mashi/.venv/lib/python3.11/site-packages/alpha_vantage/alphavantage.py", line 160, in _call_wrapper
    return self._handle_api_call(url), data_key, meta_data_key
           ^^^^^^^^^^^^^^^^^^^^^^^^^^
  File "/Users/mashi/.venv/lib/python3.11/site-packages/alpha_vantage/alphavantage.py", line 361, in _handle_api_call
    raise ValueError(json_response["Information"])
ValueError: Thank you for using Alpha Vantage! Our standard API rate limit is 25 requests per day. Please subscribe to any of the premium plans at https://www.alphavantage.co/premium/ to instantly remove all daily rate limits.
Traceback (most recent call last):
  File "/Users/mashi/Dropbox/00_works/git/mokumoku-kai/backtest/samples/20231006_awesome_graaph_class/data/finance/av_new.py", line 61, in <module>
    df_av = fetch_from_av(ts, '1min')
            ^^^^^^^^^^^^^^^^^^^^^^^^^
  File "/Users/mashi/Dropbox/00_works/git/mokumoku-kai/backtest/samples/20231006_awesome_graaph_class/data/finance/av_new.py", line 42, in fetch_from_av
    data, meta_data = ts.get_intraday(symbol=ticker_symbol,interval=span, outputsize='full')
                      ^^^^^^^^^^^^^^^^^^^^^^^^^^^^^^^^^^^^^^^^^^^^^^^^^^^^^^^^^^^^^^^^^^^^^^
  File "/Users/mashi/.venv/lib/python3.11/site-packages/alpha_vantage/alphavantage.py", line 218, in _format_wrapper
    call_response, data_key, meta_data_key = func(
                                             ^^^^^
  File "/Users/mashi/.venv/lib/python3.11/site-packages/alpha_vantage/alphavantage.py", line 160, in _call_wrapper
    return self._handle_api_call(url), data_key, meta_data_key
           ^^^^^^^^^^^^^^^^^^^^^^^^^^
  File "/Users/mashi/.venv/lib/python3.11/site-packages/alpha_vantage/alphavantage.py", line 361, in _handle_api_call
    raise ValueError(json_response["Information"])
ValueError: Thank you for using Alpha Vantage! Our standard API rate limit is 25 requests per day. Please subscribe to any of the premium plans at https://www.alphavantage.co/premium/ to instantly remove all daily rate limits.
Traceback (most recent call last):
  File "/Users/mashi/Dropbox/00_works/git/mokumoku-kai/backtest/samples/20231006_awesome_graaph_class/data/finance/av_new.py", line 61, in <module>
    df_av = fetch_from_av(ts, '1min')
            ^^^^^^^^^^^^^^^^^^^^^^^^^
  File "/Users/mashi/Dropbox/00_works/git/mokumoku-kai/backtest/samples/20231006_awesome_graaph_class/data/finance/av_new.py", line 42, in fetch_from_av
    data, meta_data = ts.get_intraday(symbol=ticker_symbol,interval=span, outputsize='full')
                      ^^^^^^^^^^^^^^^^^^^^^^^^^^^^^^^^^^^^^^^^^^^^^^^^^^^^^^^^^^^^^^^^^^^^^^
  File "/Users/mashi/.venv/lib/python3.11/site-packages/alpha_vantage/alphavantage.py", line 218, in _format_wrapper
    call_response, data_key, meta_data_key = func(
                                             ^^^^^
  File "/Users/mashi/.venv/lib/python3.11/site-packages/alpha_vantage/alphavantage.py", line 160, in _call_wrapper
    return self._handle_api_call(url), data_key, meta_data_key
           ^^^^^^^^^^^^^^^^^^^^^^^^^^
  File "/Users/mashi/.venv/lib/python3.11/site-packages/alpha_vantage/alphavantage.py", line 361, in _handle_api_call
    raise ValueError(json_response["Information"])
ValueError: Thank you for using Alpha Vantage! Our standard API rate limit is 25 requests per day. Please subscribe to any of the premium plans at https://www.alphavantage.co/premium/ to instantly remove all daily rate limits.
Traceback (most recent call last):
  File "/Users/mashi/Dropbox/00_works/git/mokumoku-kai/backtest/samples/20231006_awesome_graaph_class/data/finance/av_new.py", line 61, in <module>
    df_av = fetch_from_av(ts, '1min')
            ^^^^^^^^^^^^^^^^^^^^^^^^^
  File "/Users/mashi/Dropbox/00_works/git/mokumoku-kai/backtest/samples/20231006_awesome_graaph_class/data/finance/av_new.py", line 42, in fetch_from_av
    data, meta_data = ts.get_intraday(symbol=ticker_symbol,interval=span, outputsize='full')
                      ^^^^^^^^^^^^^^^^^^^^^^^^^^^^^^^^^^^^^^^^^^^^^^^^^^^^^^^^^^^^^^^^^^^^^^
  File "/Users/mashi/.venv/lib/python3.11/site-packages/alpha_vantage/alphavantage.py", line 218, in _format_wrapper
    call_response, data_key, meta_data_key = func(
                                             ^^^^^
  File "/Users/mashi/.venv/lib/python3.11/site-packages/alpha_vantage/alphavantage.py", line 160, in _call_wrapper
    return self._handle_api_call(url), data_key, meta_data_key
           ^^^^^^^^^^^^^^^^^^^^^^^^^^
  File "/Users/mashi/.venv/lib/python3.11/site-packages/alpha_vantage/alphavantage.py", line 361, in _handle_api_call
    raise ValueError(json_response["Information"])
ValueError: Thank you for using Alpha Vantage! Our standard API rate limit is 25 requests per day. Please subscribe to any of the premium plans at https://www.alphavantage.co/premium/ to instantly remove all daily rate limits.
Traceback (most recent call last):
  File "/Users/mashi/Dropbox/00_works/git/mokumoku-kai/backtest/samples/20231006_awesome_graaph_class/data/finance/av_new.py", line 61, in <module>
    df_av = fetch_from_av(ts, '1min')
            ^^^^^^^^^^^^^^^^^^^^^^^^^
  File "/Users/mashi/Dropbox/00_works/git/mokumoku-kai/backtest/samples/20231006_awesome_graaph_class/data/finance/av_new.py", line 42, in fetch_from_av
    data, meta_data = ts.get_intraday(symbol=ticker_symbol,interval=span, outputsize='full')
                      ^^^^^^^^^^^^^^^^^^^^^^^^^^^^^^^^^^^^^^^^^^^^^^^^^^^^^^^^^^^^^^^^^^^^^^
  File "/Users/mashi/.venv/lib/python3.11/site-packages/alpha_vantage/alphavantage.py", line 218, in _format_wrapper
    call_response, data_key, meta_data_key = func(
                                             ^^^^^
  File "/Users/mashi/.venv/lib/python3.11/site-packages/alpha_vantage/alphavantage.py", line 160, in _call_wrapper
    return self._handle_api_call(url), data_key, meta_data_key
           ^^^^^^^^^^^^^^^^^^^^^^^^^^
  File "/Users/mashi/.venv/lib/python3.11/site-packages/alpha_vantage/alphavantage.py", line 361, in _handle_api_call
    raise ValueError(json_response["Information"])
ValueError: Thank you for using Alpha Vantage! Our standard API rate limit is 25 requests per day. Please subscribe to any of the premium plans at https://www.alphavantage.co/premium/ to instantly remove all daily rate limits.
Traceback (most recent call last):
  File "/Users/mashi/Dropbox/00_works/git/mokumoku-kai/backtest/samples/20231006_awesome_graaph_class/data/finance/av_new.py", line 61, in <module>
    df_av = fetch_from_av(ts, '1min')
            ^^^^^^^^^^^^^^^^^^^^^^^^^
  File "/Users/mashi/Dropbox/00_works/git/mokumoku-kai/backtest/samples/20231006_awesome_graaph_class/data/finance/av_new.py", line 42, in fetch_from_av
    data, meta_data = ts.get_intraday(symbol=ticker_symbol,interval=span, outputsize='full')
                      ^^^^^^^^^^^^^^^^^^^^^^^^^^^^^^^^^^^^^^^^^^^^^^^^^^^^^^^^^^^^^^^^^^^^^^
  File "/Users/mashi/.venv/lib/python3.11/site-packages/alpha_vantage/alphavantage.py", line 218, in _format_wrapper
    call_response, data_key, meta_data_key = func(
                                             ^^^^^
  File "/Users/mashi/.venv/lib/python3.11/site-packages/alpha_vantage/alphavantage.py", line 160, in _call_wrapper
    return self._handle_api_call(url), data_key, meta_data_key
           ^^^^^^^^^^^^^^^^^^^^^^^^^^
  File "/Users/mashi/.venv/lib/python3.11/site-packages/alpha_vantage/alphavantage.py", line 361, in _handle_api_call
    raise ValueError(json_response["Information"])
ValueError: Thank you for using Alpha Vantage! Our standard API rate limit is 25 requests per day. Please subscribe to any of the premium plans at https://www.alphavantage.co/premium/ to instantly remove all daily rate limits.
Traceback (most recent call last):
  File "/Users/mashi/Dropbox/00_works/git/mokumoku-kai/backtest/samples/20231006_awesome_graaph_class/data/finance/av_new.py", line 61, in <module>
    df_av = fetch_from_av(ts, '1min')
            ^^^^^^^^^^^^^^^^^^^^^^^^^
  File "/Users/mashi/Dropbox/00_works/git/mokumoku-kai/backtest/samples/20231006_awesome_graaph_class/data/finance/av_new.py", line 42, in fetch_from_av
    data, meta_data = ts.get_intraday(symbol=ticker_symbol,interval=span, outputsize='full')
                      ^^^^^^^^^^^^^^^^^^^^^^^^^^^^^^^^^^^^^^^^^^^^^^^^^^^^^^^^^^^^^^^^^^^^^^
  File "/Users/mashi/.venv/lib/python3.11/site-packages/alpha_vantage/alphavantage.py", line 218, in _format_wrapper
    call_response, data_key, meta_data_key = func(
                                             ^^^^^
  File "/Users/mashi/.venv/lib/python3.11/site-packages/alpha_vantage/alphavantage.py", line 160, in _call_wrapper
    return self._handle_api_call(url), data_key, meta_data_key
           ^^^^^^^^^^^^^^^^^^^^^^^^^^
  File "/Users/mashi/.venv/lib/python3.11/site-packages/alpha_vantage/alphavantage.py", line 361, in _handle_api_call
    raise ValueError(json_response["Information"])
ValueError: Thank you for using Alpha Vantage! Our standard API rate limit is 25 requests per day. Please subscribe to any of the premium plans at https://www.alphavantage.co/premium/ to instantly remove all daily rate limits.
Traceback (most recent call last):
  File "/Users/mashi/Dropbox/00_works/git/mokumoku-kai/backtest/samples/20231006_awesome_graaph_class/data/finance/av_new.py", line 61, in <module>
    df_av = fetch_from_av(ts, '1min')
            ^^^^^^^^^^^^^^^^^^^^^^^^^
  File "/Users/mashi/Dropbox/00_works/git/mokumoku-kai/backtest/samples/20231006_awesome_graaph_class/data/finance/av_new.py", line 42, in fetch_from_av
    data, meta_data = ts.get_intraday(symbol=ticker_symbol,interval=span, outputsize='full')
                      ^^^^^^^^^^^^^^^^^^^^^^^^^^^^^^^^^^^^^^^^^^^^^^^^^^^^^^^^^^^^^^^^^^^^^^
  File "/Users/mashi/.venv/lib/python3.11/site-packages/alpha_vantage/alphavantage.py", line 218, in _format_wrapper
    call_response, data_key, meta_data_key = func(
                                             ^^^^^
  File "/Users/mashi/.venv/lib/python3.11/site-packages/alpha_vantage/alphavantage.py", line 160, in _call_wrapper
    return self._handle_api_call(url), data_key, meta_data_key
           ^^^^^^^^^^^^^^^^^^^^^^^^^^
  File "/Users/mashi/.venv/lib/python3.11/site-packages/alpha_vantage/alphavantage.py", line 361, in _handle_api_call
    raise ValueError(json_response["Information"])
ValueError: Thank you for using Alpha Vantage! Our standard API rate limit is 25 requests per day. Please subscribe to any of the premium plans at https://www.alphavantage.co/premium/ to instantly remove all daily rate limits.
